{"C:\\Users\\benwa\\Documents\\anonymous_blog\\lap1_project\\server\\server.js": {"path":"C:\\Users\\benwa\\Documents\\anonymous_blog\\lap1_project\\server\\server.js","statementMap":{"0":{"start":{"line":1,"column":16},"end":{"line":1,"column":34}},"1":{"start":{"line":2,"column":12},"end":{"line":2,"column":21}},"2":{"start":{"line":3,"column":13},"end":{"line":3,"column":28}},"3":{"start":{"line":4,"column":0},"end":{"line":4,"column":16}},"4":{"start":{"line":6,"column":11},"end":{"line":6,"column":24}},"5":{"start":{"line":7,"column":18},"end":{"line":7,"column":36}},"6":{"start":{"line":9,"column":18},"end":{"line":9,"column":47}},"7":{"start":{"line":10,"column":19},"end":{"line":10,"column":40}},"8":{"start":{"line":12,"column":0},"end":{"line":12,"column":24}},"9":{"start":{"line":15,"column":0},"end":{"line":15,"column":64}},"10":{"start":{"line":15,"column":27},"end":{"line":15,"column":63}},"11":{"start":{"line":19,"column":0},"end":{"line":26,"column":2}},"12":{"start":{"line":20,"column":2},"end":{"line":20,"column":23}},"13":{"start":{"line":21,"column":2},"end":{"line":21,"column":27}},"14":{"start":{"line":22,"column":2},"end":{"line":22,"column":47}},"15":{"start":{"line":23,"column":2},"end":{"line":23,"column":78}},"16":{"start":{"line":23,"column":53},"end":{"line":23,"column":77}},"17":{"start":{"line":24,"column":2},"end":{"line":24,"column":28}},"18":{"start":{"line":28,"column":0},"end":{"line":30,"column":2}},"19":{"start":{"line":29,"column":2},"end":{"line":29,"column":22}},"20":{"start":{"line":32,"column":0},"end":{"line":43,"column":2}},"21":{"start":{"line":33,"column":2},"end":{"line":33,"column":23}},"22":{"start":{"line":34,"column":2},"end":{"line":34,"column":34}},"23":{"start":{"line":35,"column":15},"end":{"line":35,"column":34}},"24":{"start":{"line":36,"column":2},"end":{"line":36,"column":31}},"25":{"start":{"line":37,"column":2},"end":{"line":37,"column":50}},"26":{"start":{"line":38,"column":2},"end":{"line":38,"column":25}},"27":{"start":{"line":39,"column":2},"end":{"line":39,"column":47}},"28":{"start":{"line":40,"column":2},"end":{"line":40,"column":78}},"29":{"start":{"line":40,"column":53},"end":{"line":40,"column":77}},"30":{"start":{"line":42,"column":2},"end":{"line":42,"column":25}},"31":{"start":{"line":46,"column":0},"end":{"line":76,"column":2}},"32":{"start":{"line":48,"column":20},"end":{"line":48,"column":41}},"33":{"start":{"line":51,"column":2},"end":{"line":69,"column":3}},"34":{"start":{"line":53,"column":6},"end":{"line":53,"column":41}},"35":{"start":{"line":54,"column":6},"end":{"line":54,"column":44}},"36":{"start":{"line":55,"column":6},"end":{"line":55,"column":13}},"37":{"start":{"line":56,"column":6},"end":{"line":56,"column":53}},"38":{"start":{"line":57,"column":6},"end":{"line":57,"column":12}},"39":{"start":{"line":59,"column":6},"end":{"line":59,"column":41}},"40":{"start":{"line":60,"column":6},"end":{"line":60,"column":44}},"41":{"start":{"line":61,"column":6},"end":{"line":61,"column":13}},"42":{"start":{"line":62,"column":6},"end":{"line":62,"column":53}},"43":{"start":{"line":63,"column":6},"end":{"line":63,"column":12}},"44":{"start":{"line":65,"column":6},"end":{"line":65,"column":41}},"45":{"start":{"line":66,"column":6},"end":{"line":66,"column":44}},"46":{"start":{"line":67,"column":6},"end":{"line":67,"column":13}},"47":{"start":{"line":68,"column":6},"end":{"line":68,"column":53}},"48":{"start":{"line":70,"column":2},"end":{"line":70,"column":47}},"49":{"start":{"line":71,"column":2},"end":{"line":71,"column":78}},"50":{"start":{"line":71,"column":53},"end":{"line":71,"column":77}},"51":{"start":{"line":72,"column":2},"end":{"line":72,"column":38}},"52":{"start":{"line":73,"column":2},"end":{"line":73,"column":35}},"53":{"start":{"line":86,"column":0},"end":{"line":86,"column":20}}},"fnMap":{"0":{"name":"(anonymous_0)","decl":{"start":{"line":15,"column":13},"end":{"line":15,"column":14}},"loc":{"start":{"line":15,"column":27},"end":{"line":15,"column":63}},"line":15},"1":{"name":"(anonymous_1)","decl":{"start":{"line":19,"column":19},"end":{"line":19,"column":20}},"loc":{"start":{"line":19,"column":33},"end":{"line":26,"column":1}},"line":19},"2":{"name":"(anonymous_2)","decl":{"start":{"line":23,"column":47},"end":{"line":23,"column":48}},"loc":{"start":{"line":23,"column":53},"end":{"line":23,"column":77}},"line":23},"3":{"name":"(anonymous_3)","decl":{"start":{"line":28,"column":18},"end":{"line":28,"column":19}},"loc":{"start":{"line":28,"column":32},"end":{"line":30,"column":1}},"line":28},"4":{"name":"(anonymous_4)","decl":{"start":{"line":32,"column":28},"end":{"line":32,"column":29}},"loc":{"start":{"line":32,"column":42},"end":{"line":43,"column":1}},"line":32},"5":{"name":"(anonymous_5)","decl":{"start":{"line":40,"column":47},"end":{"line":40,"column":48}},"loc":{"start":{"line":40,"column":53},"end":{"line":40,"column":77}},"line":40},"6":{"name":"(anonymous_6)","decl":{"start":{"line":46,"column":35},"end":{"line":46,"column":36}},"loc":{"start":{"line":46,"column":49},"end":{"line":76,"column":1}},"line":46},"7":{"name":"(anonymous_7)","decl":{"start":{"line":71,"column":47},"end":{"line":71,"column":48}},"loc":{"start":{"line":71,"column":53},"end":{"line":71,"column":77}},"line":71}},"branchMap":{"0":{"loc":{"start":{"line":51,"column":2},"end":{"line":69,"column":3}},"type":"switch","locations":[{"start":{"line":52,"column":4},"end":{"line":57,"column":12}},{"start":{"line":58,"column":4},"end":{"line":63,"column":12}},{"start":{"line":64,"column":4},"end":{"line":68,"column":53}}],"line":51}},"s":{"0":1,"1":1,"2":1,"3":1,"4":1,"5":1,"6":1,"7":1,"8":1,"9":1,"10":1,"11":1,"12":1,"13":1,"14":1,"15":1,"16":1,"17":1,"18":1,"19":1,"20":1,"21":0,"22":0,"23":0,"24":0,"25":0,"26":0,"27":0,"28":0,"29":0,"30":0,"31":1,"32":0,"33":0,"34":0,"35":0,"36":0,"37":0,"38":0,"39":0,"40":0,"41":0,"42":0,"43":0,"44":0,"45":0,"46":0,"47":0,"48":0,"49":0,"50":0,"51":0,"52":0,"53":1},"f":{"0":1,"1":1,"2":1,"3":1,"4":0,"5":0,"6":0,"7":0},"b":{"0":[0,0,0]},"_coverageSchema":"1a1c01bbd47fc00a2c39e90264f33305004495a9","hash":"fb3f416b4c65b6a3681f5d51838a274aee358d30"}
}
