{"C:\\Users\\benwa\\Documents\\lap_1_project\\server\\server.js": {"path":"C:\\Users\\benwa\\Documents\\lap_1_project\\server\\server.js","statementMap":{"0":{"start":{"line":1,"column":16},"end":{"line":1,"column":34}},"1":{"start":{"line":2,"column":12},"end":{"line":2,"column":21}},"2":{"start":{"line":3,"column":13},"end":{"line":3,"column":28}},"3":{"start":{"line":4,"column":0},"end":{"line":4,"column":16}},"4":{"start":{"line":6,"column":11},"end":{"line":6,"column":24}},"5":{"start":{"line":8,"column":18},"end":{"line":8,"column":47}},"6":{"start":{"line":9,"column":19},"end":{"line":9,"column":40}},"7":{"start":{"line":11,"column":0},"end":{"line":11,"column":24}},"8":{"start":{"line":14,"column":0},"end":{"line":14,"column":64}},"9":{"start":{"line":14,"column":27},"end":{"line":14,"column":63}},"10":{"start":{"line":16,"column":0},"end":{"line":18,"column":2}},"11":{"start":{"line":17,"column":2},"end":{"line":17,"column":22}},"12":{"start":{"line":20,"column":0},"end":{"line":27,"column":2}},"13":{"start":{"line":21,"column":2},"end":{"line":21,"column":23}},"14":{"start":{"line":22,"column":2},"end":{"line":22,"column":27}},"15":{"start":{"line":23,"column":2},"end":{"line":23,"column":47}},"16":{"start":{"line":25,"column":2},"end":{"line":25,"column":28}},"17":{"start":{"line":36,"column":0},"end":{"line":36,"column":20}}},"fnMap":{"0":{"name":"(anonymous_0)","decl":{"start":{"line":14,"column":13},"end":{"line":14,"column":14}},"loc":{"start":{"line":14,"column":27},"end":{"line":14,"column":63}},"line":14},"1":{"name":"(anonymous_1)","decl":{"start":{"line":16,"column":18},"end":{"line":16,"column":19}},"loc":{"start":{"line":16,"column":31},"end":{"line":18,"column":1}},"line":16},"2":{"name":"(anonymous_2)","decl":{"start":{"line":20,"column":19},"end":{"line":20,"column":20}},"loc":{"start":{"line":20,"column":32},"end":{"line":27,"column":1}},"line":20}},"branchMap":{},"s":{"0":1,"1":1,"2":1,"3":1,"4":1,"5":1,"6":1,"7":1,"8":1,"9":1,"10":1,"11":1,"12":1,"13":1,"14":1,"15":1,"16":1,"17":1},"f":{"0":1,"1":1,"2":1},"b":{},"_coverageSchema":"1a1c01bbd47fc00a2c39e90264f33305004495a9","hash":"cf3f30c5ec93ddea751a7857848b18bf334a739b"}
}
