TN:
SF:server.js
FN:15,(anonymous_0)
FN:19,(anonymous_1)
FN:23,(anonymous_2)
FN:28,(anonymous_3)
FN:32,(anonymous_4)
FN:40,(anonymous_5)
FN:46,(anonymous_6)
FN:71,(anonymous_7)
FNF:8
FNH:4
FNDA:1,(anonymous_0)
FNDA:1,(anonymous_1)
FNDA:1,(anonymous_2)
FNDA:1,(anonymous_3)
FNDA:0,(anonymous_4)
FNDA:0,(anonymous_5)
FNDA:0,(anonymous_6)
FNDA:0,(anonymous_7)
DA:1,1
DA:2,1
DA:3,1
DA:4,1
DA:6,1
DA:7,1
DA:9,1
DA:10,1
DA:12,1
DA:15,1
DA:19,1
DA:20,1
DA:21,1
DA:22,1
DA:23,1
DA:24,1
DA:28,1
DA:29,1
DA:32,1
DA:33,0
DA:34,0
DA:35,0
DA:36,0
DA:37,0
DA:38,0
DA:39,0
DA:40,0
DA:42,0
DA:46,1
DA:48,0
DA:51,0
DA:53,0
DA:54,0
DA:55,0
DA:56,0
DA:57,0
DA:59,0
DA:60,0
DA:61,0
DA:62,0
DA:63,0
DA:65,0
DA:66,0
DA:67,0
DA:68,0
DA:70,0
DA:71,0
DA:72,0
DA:73,0
DA:86,1
LF:50
LH:21
BRDA:51,0,0,0
BRDA:51,0,1,0
BRDA:51,0,2,0
BRF:3
BRH:0
end_of_record
